<?xml version="1.0" encoding="UTF-8"?>
<!-- Generated by org.testng.reporters.JUnitReportReporter -->
<testsuite hostname="IN-5CG0031HG0" name="AVIS.TestScripts.Avis_GUI_CreateRentals" tests="1" failures="0" timestamp="2 Jul 2020 11:59:13 GMT" time="1206.009" errors="0">
  <testcase name="test" time="1206.009" classname="AVIS.TestScripts.Avis_GUI_CreateRentals"/>
</testsuite> <!-- AVIS.TestScripts.Avis_GUI_CreateRentals -->
