<?xml version="1.0" encoding="UTF-8"?>
<!-- Generated by org.testng.reporters.JUnitReportReporter -->
<testsuite hostname="IN-5CG0031HG0" name="Budget.TestScripts.Budget_GUI_Create_Reservation" tests="1" failures="0" timestamp="3 Jul 2020 09:43:10 GMT" time="177.075" errors="0">
  <testcase name="test" time="177.075" classname="Budget.TestScripts.Budget_GUI_Create_Reservation"/>
</testsuite> <!-- Budget.TestScripts.Budget_GUI_Create_Reservation -->
