<?xml version="1.0" encoding="UTF-8"?>
<!-- Generated by org.testng.reporters.JUnitReportReporter -->
<testsuite hostname="IN-5CG0031HG0" name="Payless.TestScripts.Payless_GUI_Create_Reservation" tests="1" failures="0" timestamp="3 Jul 2020 10:30:19 GMT" time="410.026" errors="0">
  <testcase name="test" time="410.026" classname="Payless.TestScripts.Payless_GUI_Create_Reservation"/>
</testsuite> <!-- Payless.TestScripts.Payless_GUI_Create_Reservation -->
